c:\dev\cpp\nes\nes\x64\debug\vc143.pdb
c:\dev\cpp\nes\nes\x64\debug\vc143.idb
c:\dev\cpp\nes\nes\x64\debug\main.obj
c:\dev\cpp\nes\nes\x64\debug\sprite.obj
c:\dev\cpp\nes\nes\x64\debug\ppu2c05.obj
c:\dev\cpp\nes\nes\x64\debug\nrom.obj
c:\dev\cpp\nes\nes\x64\debug\nametable.obj
c:\dev\cpp\nes\nes\x64\debug\cpu6502.obj
c:\dev\cpp\nes\nes\x64\debug\cartridge.obj
c:\dev\cpp\nes\nes\x64\debug\cnrom.obj
c:\dev\cpp\nes\nes\x64\debug\mapper.obj
c:\dev\cpp\nes\nes\x64\debug\mmc1.obj
c:\dev\cpp\nes\x64\debug\nes.exe
c:\dev\cpp\nes\x64\debug\nes.pdb
c:\dev\cpp\nes\nes\x64\debug\nes.ilk
c:\dev\cpp\nes\nes\x64\debug\cpu6502.obj.enc
c:\dev\cpp\nes\nes\x64\debug\main.obj.enc
c:\dev\cpp\nes\nes\x64\debug\nes.tlog\cl.command.1.tlog
c:\dev\cpp\nes\nes\x64\debug\nes.tlog\cl.items.tlog
c:\dev\cpp\nes\nes\x64\debug\nes.tlog\cl.read.1.tlog
c:\dev\cpp\nes\nes\x64\debug\nes.tlog\cl.write.1.tlog
c:\dev\cpp\nes\nes\x64\debug\nes.tlog\link.command.1.tlog
c:\dev\cpp\nes\nes\x64\debug\nes.tlog\link.read.1.tlog
c:\dev\cpp\nes\nes\x64\debug\nes.tlog\link.secondary.1.tlog
c:\dev\cpp\nes\nes\x64\debug\nes.tlog\link.write.1.tlog
